<?xml version="1.0" encoding="UTF-8"?>
<testsuite xmlns:xsi="http://www.w3.org/2001/XMLSchema-instance" xsi:schemaLocation="https://maven.apache.org/surefire/maven-surefire-plugin/xsd/surefire-test-report.xsd" name="ru.fix.completable.reactor.graph.kotlin.KotlinGraphTest" time="3.209" tests="13" errors="0" skipped="0" failures="0">
  <properties>
    <property name="idea.plugins.compatible.build" value="173.1"/>
    <property name="jna.platform.library.path" value="/usr/lib/x86_64-linux-gnu:/lib/x86_64-linux-gnu:/lib64:/usr/lib:/lib:/usr/lib32:/libx32:/lib32:/usr/libx32:/usr/lib/x86_64-linux-gnu/libfakeroot"/>
    <property name="java.runtime.name" value="Java(TM) SE Runtime Environment"/>
    <property name="sun.boot.library.path" value="/usr/lib/jvm/java-8-oracle/jre/lib/amd64"/>
    <property name="java.vm.version" value="25.181-b13"/>
    <property name="java.vm.vendor" value="Oracle Corporation"/>
    <property name="maven.multiModuleProjectDirectory" value="/projects/completable-reactor"/>
    <property name="java.vendor.url" value="http://java.oracle.com/"/>
    <property name="path.separator" value=":"/>
    <property name="guice.disable.misplaced.annotation.check" value="true"/>
    <property name="java.vm.name" value="Java HotSpot(TM) 64-Bit Server VM"/>
    <property name="file.encoding.pkg" value="sun.io"/>
    <property name="jna.loaded" value="true"/>
    <property name="user.country" value="US"/>
    <property name="sun.java.launcher" value="SUN_STANDARD"/>
    <property name="sun.os.patch.level" value="unknown"/>
    <property name="java.vm.specification.name" value="Java Virtual Machine Specification"/>
    <property name="user.dir" value="/projects/completable-reactor"/>
    <property name="java.runtime.version" value="1.8.0_181-b13"/>
    <property name="kotlin.incremental.compilation" value="true"/>
    <property name="java.awt.graphicsenv" value="sun.awt.X11GraphicsEnvironment"/>
    <property name="java.endorsed.dirs" value="/usr/lib/jvm/java-8-oracle/jre/lib/endorsed"/>
    <property name="os.arch" value="amd64"/>
    <property name="java.io.tmpdir" value="/tmp"/>
    <property name="line.separator" value="&#10;"/>
    <property name="java.vm.specification.vendor" value="Oracle Corporation"/>
    <property name="os.name" value="Linux"/>
    <property name="classworlds.conf" value="/usr/share/maven/bin/m2.conf"/>
    <property name="sun.jnu.encoding" value="UTF-8"/>
    <property name="jnidispatch.path" value="/tmp/jna-129303446/jna2608547996814086894.tmp"/>
    <property name="java.library.path" value="/usr/java/packages/lib/amd64:/usr/lib64:/lib64:/lib:/usr/lib"/>
    <property name="maven.conf" value="/usr/share/maven/conf"/>
    <property name="java.specification.name" value="Java Platform API Specification"/>
    <property name="java.class.version" value="52.0"/>
    <property name="sun.management.compiler" value="HotSpot 64-Bit Tiered Compilers"/>
    <property name="os.version" value="4.15.0-33-generic"/>
    <property name="library.jansi.path" value="/usr/share/maven/lib/jansi-native"/>
    <property name="user.home" value="/home/kasfandiyarov"/>
    <property name="user.timezone" value="Europe/Moscow"/>
    <property name="java.awt.printerjob" value="sun.print.PSPrinterJob"/>
    <property name="java.specification.version" value="1.8"/>
    <property name="file.encoding" value="UTF-8"/>
    <property name="user.name" value="kasfandiyarov"/>
    <property name="java.class.path" value="/usr/share/maven/boot/plexus-classworlds-2.x.jar"/>
    <property name="java.vm.specification.version" value="1.8"/>
    <property name="sun.arch.data.model" value="64"/>
    <property name="java.home" value="/usr/lib/jvm/java-8-oracle/jre"/>
    <property name="sun.java.command" value="org.codehaus.plexus.classworlds.launcher.Launcher clean install -T 10"/>
    <property name="java.specification.vendor" value="Oracle Corporation"/>
    <property name="user.language" value="en"/>
    <property name="awt.toolkit" value="sun.awt.X11.XToolkit"/>
    <property name="java.vm.info" value="mixed mode"/>
    <property name="java.version" value="1.8.0_181"/>
    <property name="java.ext.dirs" value="/usr/lib/jvm/java-8-oracle/jre/lib/ext:/usr/java/packages/lib/ext"/>
    <property name="securerandom.source" value="file:/dev/./urandom"/>
    <property name="sun.boot.class.path" value="/usr/lib/jvm/java-8-oracle/jre/lib/resources.jar:/usr/lib/jvm/java-8-oracle/jre/lib/rt.jar:/usr/lib/jvm/java-8-oracle/jre/lib/sunrsasign.jar:/usr/lib/jvm/java-8-oracle/jre/lib/jsse.jar:/usr/lib/jvm/java-8-oracle/jre/lib/jce.jar:/usr/lib/jvm/java-8-oracle/jre/lib/charsets.jar:/usr/lib/jvm/java-8-oracle/jre/lib/jfr.jar:/usr/lib/jvm/java-8-oracle/jre/classes"/>
    <property name="java.vendor" value="Oracle Corporation"/>
    <property name="maven.home" value="/usr/share/maven"/>
    <property name="file.separator" value="/"/>
    <property name="java.vendor.url.bug" value="http://bugreport.sun.com/bugreport/"/>
    <property name="sun.cpu.endian" value="little"/>
    <property name="sun.io.unicode.encoding" value="UnicodeLittle"/>
    <property name="sun.desktop" value="gnome"/>
    <property name="sun.cpu.isalist" value=""/>
  </properties>
  <testcase name="router_from_processors_merge_point" classname="ru.fix.completable.reactor.graph.kotlin.KotlinGraphTest" time="0.115"/>
  <testcase name="router_from_start_point" classname="ru.fix.completable.reactor.graph.kotlin.KotlinGraphTest" time="0.003"/>
  <testcase name="single_processor" classname="ru.fix.completable.reactor.graph.kotlin.KotlinGraphTest" time="0.002"/>
  <testcase name="two_processors_sequential_merge" classname="ru.fix.completable.reactor.graph.kotlin.KotlinGraphTest" time="0.005"/>
  <testcase name="detached_processor" classname="ru.fix.completable.reactor.graph.kotlin.KotlinGraphTest" time="0.004"/>
  <testcase name="optional_processor_execution" classname="ru.fix.completable.reactor.graph.kotlin.KotlinGraphTest" time="0.006"/>
  <testcase name="run_subgraph" classname="ru.fix.completable.reactor.graph.kotlin.KotlinGraphTest" time="0.01"/>
  <testcase name="dead_transition_kills_merge_point_and_all_outgoing_transitions" classname="ru.fix.completable.reactor.graph.kotlin.KotlinGraphTest" time="2.007"/>
  <testcase name="single_detached_merge_point" classname="ru.fix.completable.reactor.graph.kotlin.KotlinGraphTest" time="0.002"/>
  <testcase name="vertex_with_empty_merger_rise_exception_when_used_in_on_transition" classname="ru.fix.completable.reactor.graph.kotlin.KotlinGraphTest" time="0.003"/>
  <testcase name="dead_transition_breaks_flow" classname="ru.fix.completable.reactor.graph.kotlin.KotlinGraphTest" time="0.005"/>
  <testcase name="graph_with_router_connected_to_start_point" classname="ru.fix.completable.reactor.graph.kotlin.KotlinGraphTest" time="1.003"/>
  <testcase name="handler_returns_null_as_a_result" classname="ru.fix.completable.reactor.graph.kotlin.KotlinGraphTest" time="0.013"/>
</testsuite>